make all --print-data-base --no-builtin-variables --no-builtin-rules --question
# GNU Make 4.2.1
# Built for x86_64-pc-linux-gnu
# Copyright (C) 1988-2016 Free Software Foundation, Inc.
# License GPLv3+: GNU GPL version 3 or later <http://gnu.org/licenses/gpl.html>
# This is free software: you are free to change and redistribute it.
# There is NO WARRANTY, to the extent permitted by law.

# Make data base, printed on Sun Sep 26 16:24:58 2021

# Variables

# automatic
<D = $(patsubst %/,%,$(dir $<))
# automatic
?F = $(notdir $?)
# default
.SHELLFLAGS := -c
# environment
XDG_SESSION_CLASS = user
# environment
VSCODE_AGENT_FOLDER = /root/.vscode-server
# environment
XDG_SESSION_TYPE = tty
# environment
VSCODE_LOG_NATIVE = false
# automatic
?D = $(patsubst %/,%,$(dir $?))
# automatic
@D = $(patsubst %/,%,$(dir $@))
# automatic
@F = $(notdir $@)
# default
MAKE_VERSION := 4.2.1
# makefile
CURDIR := /root/Mytest/cachelab
# makefile
SHELL = /bin/sh
# environment
VSCODE_NLS_CONFIG = {"locale":"zh-cn","availableLanguages":{}}
# environment
_ = /root/.vscode-server/bin/7f6ab5485bbc008386c4386d08766667e155244e/node
# makefile (from 'Makefile', line 6)
CFLAGS = -g -Wall -Werror -std=c99 -m64
# makefile (from 'Makefile', line 1)
MAKEFILE_LIST :=  Makefile
# 'override' directive
GNUMAKEFLAGS := 
# environment
XDG_DATA_DIRS = /usr/local/share:/usr/share:/var/lib/snapd/desktop
# environment
DBUS_SESSION_BUS_ADDRESS = unix:path=/run/user/0/bus
# environment
VSCODE_VERBOSE_LOGGING = true
# environment
LESSOPEN = | /usr/bin/lesspipe %s
# environment
VSCODE_CWD = /root
# environment
SSH_CONNECTION = 171.43.199.8 27151 172.19.57.235 22
# environment
PATH = /root/.vscode-server/bin/7f6ab5485bbc008386c4386d08766667e155244e/bin:/root/.vscode-server/bin/7f6ab5485bbc008386c4386d08766667e155244e/bin:/usr/local/sbin:/usr/local/bin:/usr/sbin:/usr/bin:/sbin:/bin:/usr/games:/usr/local/games:/snap/bin
# environment
XDG_RUNTIME_DIR = /run/user/0
# environment
VSCODE_LOG_STACK = false
# environment
VSCODE_IPC_HOOK_CLI = /run/user/0/vscode-ipc-41a551eb-5948-4a10-87e0-f1cdd86dfd75.sock
# default
.FEATURES := target-specific order-only second-expansion else-if shortest-stem undefine oneshell archives jobserver output-sync check-symlink load
# environment
LS_COLORS = 
# automatic
%F = $(notdir $%)
# environment
VSCODE_PIPE_LOGGING = true
# environment
PWD = /root/Mytest/cachelab
# default
.LOADED := 
# automatic
*D = $(patsubst %/,%,$(dir $*))
# environment
VSCODE_AMD_ENTRYPOINT = vs/server/remoteExtensionHostProcess
# environment
HOME = /root
# environment
LESSCLOSE = /usr/bin/lesspipe %s %s
# environment
LOGNAME = root
# environment
APPLICATION_INSIGHTS_NO_DIAGNOSTIC_CHANNEL = true
# automatic
+F = $(notdir $+)
# environment
VSCODE_HANDLES_UNCAUGHT_ERRORS = true
# automatic
^D = $(patsubst %/,%,$(dir $^))
# environment
MAKELEVEL := 0
# default
MAKE = $(MAKE_COMMAND)
# default
MAKECMDGOALS := all
# environment
SHLVL = 0
# makefile (from 'Makefile', line 5)
CC = gcc
# environment
XDG_SESSION_ID = 20735
# environment
USER = root
# makefile
.DEFAULT_GOAL := all
# automatic
%D = $(patsubst %/,%,$(dir $%))
# default
MAKE_COMMAND := make
# default
.VARIABLES := 
# automatic
*F = $(notdir $*)
# makefile
MAKEFLAGS = pqrR
# environment
MFLAGS = -pqrR
# environment
SSH_CLIENT = 171.43.199.8 27151 22
# automatic
+D = $(patsubst %/,%,$(dir $+))
# environment
BROWSER = /root/.vscode-server/bin/7f6ab5485bbc008386c4386d08766667e155244e/bin/helpers/browser.sh
# default
MAKEFILES := 
# automatic
<F = $(notdir $<)
# environment
LC_ALL = C
# automatic
^F = $(notdir $^)
# default
SUFFIXES := 
# default
.INCLUDE_DIRS = /usr/include /usr/local/include /usr/include
# environment
VSCODE_INJECT_NODE_MODULE_LOOKUP_PATH = /root/.vscode-server/bin/7f6ab5485bbc008386c4386d08766667e155244e/remote/node_modules
# default
.RECIPEPREFIX := 
# default
MAKE_HOST := x86_64-pc-linux-gnu
# environment
LANG = C
# environment
VSCODE_EXTHOST_WILL_SEND_SOCKET = true
# environment
MOTD_SHOWN = pam
# variable set hash-table stats:
# Load=72/1024=7%, Rehash=0, Collisions=9/102=9%

# Pattern-specific Variable Values

# No pattern-specific variable values.

# Directories

# . (device 64513, inode 1321802): 25 files, no impossibilities.

# 25 files, no impossibilities in 1 directories.

# Implicit Rules

# No implicit rules.

# Files

all: csim test-trans tracegen
#  Command line target.
#  Implicit rule search has not been done.
#  File does not exist.
#  File has been updated.
#  Needs to be updated (-q is set).
# variable set hash-table stats:
# Load=0/32=0%, Rehash=0, Collisions=0/5=0%
#  recipe to execute (from 'Makefile', line 9):
	# Generate a handin tar file each time you compile
	-tar -cvf ${USER}-handin.tar  csim.c trans.c 

# Not a target:
cachelab.h:
#  Implicit rule search has been done.
#  Last modified 2021-09-17 17:07:55.634128333
#  File has been updated.
#  Successfully updated.

# Not a target:
.SUFFIXES:
#  Implicit rule search has not been done.
#  Modification time never checked.
#  File has not been updated.

# Not a target:
Makefile:
#  Implicit rule search has been done.
#  Last modified 2014-05-07 01:48:01
#  File has been updated.
#  Successfully updated.

csim: csim.c cachelab.c cachelab.h
#  Implicit rule search has not been done.
#  Last modified 2021-09-26 16:07:48.178526876
#  File has been updated.
#  Successfully updated.
#  recipe to execute (from 'Makefile', line 13):
	$(CC) $(CFLAGS) -o csim csim.c cachelab.c -lm 

tracegen: tracegen.c trans.o cachelab.c
#  Implicit rule search has not been done.
#  Modification time never checked.
#  File has not been updated.
#  recipe to execute (from 'Makefile', line 19):
	$(CC) $(CFLAGS) -O0 -o tracegen tracegen.c trans.o cachelab.c

test-trans: test-trans.c trans.o cachelab.c cachelab.h
#  Implicit rule search has not been done.
#  Last modified 2021-09-26 16:07:48.518540718
#  File has been updated.
#  Needs to be updated (-q is set).
# variable set hash-table stats:
# Load=0/32=0%, Rehash=0, Collisions=0/5=0%
#  recipe to execute (from 'Makefile', line 16):
	$(CC) $(CFLAGS) -o test-trans test-trans.c cachelab.c trans.o 

# Not a target:
.DEFAULT:
#  Implicit rule search has not been done.
#  Modification time never checked.
#  File has not been updated.

trans.o: trans.c
#  Implicit rule search has not been done.
#  Implicit/static pattern stem: ''
#  Last modified 2021-09-26 16:07:48.266530458
#  File has been updated.
#  Needs to be updated (-q is set).
# automatic
# @ := trans.o
# automatic
# % := 
# automatic
# * := 
# automatic
# + := trans.c
# automatic
# | := 
# automatic
# < := trans.c
# automatic
# ^ := trans.c
# automatic
# ? := trans.c
# variable set hash-table stats:
# Load=8/32=25%, Rehash=0, Collisions=1/13=8%
#  recipe to execute (from 'Makefile', line 22):
	$(CC) $(CFLAGS) -O0 -c trans.c

clean:
#  Implicit rule search has not been done.
#  Modification time never checked.
#  File has not been updated.
#  recipe to execute (from 'Makefile', line 28):
	rm -rf *.o
	rm -f *.tar
	rm -f csim
	rm -f test-trans tracegen
	rm -f trace.all trace.f*
	rm -f .csim_results .marker

# Not a target:
csim.c:
#  Implicit rule search has been done.
 
#  Last modified 2021-09-26 11:18:38.224084671
#  File has been updated.
#  Successfully updated.

# Not a target:
tracegen.c:
#  Implicit rule search has not been done.
#  Modification time never checked.
#  File has not been updated.

# Not a target:
test-trans.c:
#  Implicit rule search has been done.
#  Last modified 2013-01-22 23:52:27
#  File has been updated.
#  Successfully updated.

# Not a target:
trans.c:
#  Implicit rule search has been done.
#  Last modified 2021-09-26 16:10:08.868254591
#  File has been updated.
#  Successfully updated.

# Not a target:
cachelab.c:
#  Implicit rule search has been done.
#  Last modified 2021-09-24 21:52:34.768202195
#  File has been updated.
#  Successfully updated.

# files hash-table stats:
# Load=15/1024=1%, Rehash=0, Collisions=0/45=0%
# VPATH Search Paths

# No 'vpath' search paths.

# No general ('VPATH' variable) search path.

# strcache buffers: 1 (0) / strings = 31 / storage = 286 B / avg = 9 B
# current buf: size = 8162 B / used = 286 B / count = 31 / avg = 9 B

# strcache performance: lookups = 61 / hit rate = 49%
# hash-table stats:
# Load=31/8192=0%, Rehash=0, Collisions=1/61=2%
# Finished Make data base on Sun Sep 26 16:24:58 2021

 
